<?xml version="1.0" encoding="UTF-8"?>
<testsuite xmlns:xsi="http://www.w3.org/2001/XMLSchema-instance" xsi:noNamespaceSchemaLocation="https://maven.apache.org/surefire/maven-surefire-plugin/xsd/surefire-test-report-3.0.xsd" version="3.0" name="com.brilhante.brilhante.BrilhanteApplicationTests" time="6.908" tests="1" errors="0" skipped="0" failures="0">
  <properties>
[...]
</properties>
  <testcase name="contextLoads" classname="com.brilhante.brilhante.BrilhanteApplicationTests" time="0.588">
    <system-out><![CDATA[17:03:13.882 [main] INFO org.springframework.test.context.support.AnnotationConfigContextLoaderUtils -- Could not detect default configuration classes for test class [com.brilhante.brilhante.BrilhanteApplicationTests]: BrilhanteApplicationTests does not declare any static, non-private, non-final, nested classes annotated with @Configuration.
17:03:14.017 [main] INFO org.springframework.boot.test.context.SpringBootTestContextBootstrapper -- Found @SpringBootConfiguration com.brilhante.brilhante.BrilhanteApplication for test class com.brilhante.brilhante.BrilhanteApplicationTests
  .   ____          _            __ _ _
 /\\ / ___'_ __ _ _(_)_ __  __ _ \ \ \ \
( ( )\___ | '_ | '_| | '_ \/ _` | \ \ \ \
 \\/  ___)| |_)| | | | | || (_| |  ) ) ) )
  '  |____| .__|_| |_|_| |_\__, | / / / /
 =========|_|==============|___/=/_/_/_/

 :: Spring Boot ::                (v3.3.0)

2024-06-06T17:03:14.541-03:00  INFO 21732 --- [brilhante] [           main] c.b.brilhante.BrilhanteApplicationTests  : Starting BrilhanteApplicationTests using Java 21.0.1 with PID 21732 (started by rafael_t_moraes in C:\Users\rafael_t_moraes\Documents\SENAI RAFAEL T\BACKEND\NetBeansProjects\BrilhanteBackend)
2024-06-06T17:03:14.543-03:00  INFO 21732 --- [brilhante] [           main] c.b.brilhante.BrilhanteApplicationTests  : No active profile set, falling back to 1 default profile: "default"
2024-06-06T17:03:15.447-03:00  INFO 21732 --- [brilhante] [           main] .s.d.r.c.RepositoryConfigurationDelegate : Bootstrapping Spring Data JPA repositories in DEFAULT mode.
2024-06-06T17:03:15.539-03:00  INFO 21732 --- [brilhante] [           main] .s.d.r.c.RepositoryConfigurationDelegate : Finished Spring Data repository scanning in 77 ms. Found 4 JPA repository interfaces.
2024-06-06T17:03:16.150-03:00  INFO 21732 --- [brilhante] [           main] o.hibernate.jpa.internal.util.LogHelper  : HHH000204: Processing PersistenceUnitInfo [name: default]
2024-06-06T17:03:16.248-03:00  INFO 21732 --- [brilhante] [           main] org.hibernate.Version                    : HHH000412: Hibernate ORM core version 6.5.2.Final
2024-06-06T17:03:16.305-03:00  INFO 21732 --- [brilhante] [           main] o.h.c.internal.RegionFactoryInitiator    : HHH000026: Second-level cache disabled
2024-06-06T17:03:16.783-03:00  INFO 21732 --- [brilhante] [           main] o.s.o.j.p.SpringPersistenceUnitInfo      : No LoadTimeWeaver setup: ignoring JPA class transformer
2024-06-06T17:03:16.837-03:00  INFO 21732 --- [brilhante] [           main] com.zaxxer.hikari.HikariDataSource       : HikariPool-1 - Starting...
2024-06-06T17:03:17.077-03:00  INFO 21732 --- [brilhante] [           main] com.zaxxer.hikari.pool.HikariPool        : HikariPool-1 - Added connection com.mysql.cj.jdbc.ConnectionImpl@793cef95
2024-06-06T17:03:17.079-03:00  INFO 21732 --- [brilhante] [           main] com.zaxxer.hikari.HikariDataSource       : HikariPool-1 - Start completed.
2024-06-06T17:03:17.152-03:00  WARN 21732 --- [brilhante] [           main] org.hibernate.orm.deprecation            : HHH90000025: MySQLDialect does not need to be specified explicitly using 'hibernate.dialect' (remove the property setting and it will be selected by default)
2024-06-06T17:03:18.366-03:00  INFO 21732 --- [brilhante] [           main] o.h.e.t.j.p.i.JtaPlatformInitiator       : HHH000489: No JTA platform available (set 'hibernate.transaction.jta.platform' to enable JTA platform integration)
2024-06-06T17:03:18.649-03:00  INFO 21732 --- [brilhante] [           main] j.LocalContainerEntityManagerFactoryBean : Initialized JPA EntityManagerFactory for persistence unit 'default'
2024-06-06T17:03:19.395-03:00  WARN 21732 --- [brilhante] [           main] JpaBaseConfiguration$JpaWebConfiguration : spring.jpa.open-in-view is enabled by default. Therefore, database queries may be performed during view rendering. Explicitly configure spring.jpa.open-in-view to disable this warning
2024-06-06T17:03:19.962-03:00  INFO 21732 --- [brilhante] [           main] c.b.brilhante.BrilhanteApplicationTests  : Started BrilhanteApplicationTests in 5.733 seconds (process running for 6.885)
]]></system-out>
    <system-err><![CDATA[WARNING: A Java agent has been loaded dynamically (C:\Users\rafael_t_moraes\.m2\repository\net\bytebuddy\byte-buddy-agent\1.14.16\byte-buddy-agent-1.14.16.jar)
WARNING: If a serviceability tool is in use, please run with -XX:+EnableDynamicAgentLoading to hide this warning
WARNING: If a serviceability tool is not in use, please run with -Djdk.instrument.traceUsage for more information
WARNING: Dynamic loading of agents will be disallowed by default in a future release
]]></system-err>
  </testcase>
</testsuite>